Using pre-set license
Built from '2020.3/release' branch; Version is '2020.3.7f1 (dd97f2c94397) revision 14522354'; Using compiler version '192528614'; Build Type 'Release'
OS: 'Windows 10 Home; OS build 19041.928; Version 2004; 64bit' Language: 'en' Physical Memory: 16257 MB
BatchMode: 1, IsHumanControllingUs: 0, StartBugReporterOnCrash: 0, Is64bit: 1, IsPro: 0

 COMMAND LINE ARGUMENTS:
C:\Program Files\Unity\Hub\Editor\2020.3.7f1\Editor\Unity.exe
-adb2
-batchMode
-noUpm
-name
AssetImportWorker0
-projectPath
C:/Users/Manue/Work/FAtiMA-Toolkit-UnityDemo
-logFile
Logs/AssetImportWorker0.log
-srvPort
59705
Successfully changed project path to: C:/Users/Manue/Work/FAtiMA-Toolkit-UnityDemo
C:/Users/Manue/Work/FAtiMA-Toolkit-UnityDemo
Using Asset Import Pipeline V2.
Refreshing native plugins compatible for Editor in 82.49 ms, found 2 plugins.
Preloading 0 native plugins for Editor in 0.00 ms.
Initialize engine version: 2020.3.7f1 (dd97f2c94397)
[Subsystems] Discovering subsystems at path C:/Program Files/Unity/Hub/Editor/2020.3.7f1/Editor/Data/Resources/UnitySubsystems
[Subsystems] Discovering subsystems at path C:/Users/Manue/Work/FAtiMA-Toolkit-UnityDemo/Assets
GfxDevice: creating device client; threaded=0
Direct3D:
    Version:  Direct3D 11.0 [level 11.1]
    Renderer: NVIDIA GeForce GTX 1060 (ID=0x1c20)
    Vendor:   
    VRAM:     6052 MB
    Driver:   27.21.14.6192
Initialize mono
Mono path[0] = 'C:/Program Files/Unity/Hub/Editor/2020.3.7f1/Editor/Data/Managed'
Mono path[1] = 'C:/Program Files/Unity/Hub/Editor/2020.3.7f1/Editor/Data/MonoBleedingEdge/lib/mono/unityjit'
Mono config path = 'C:/Program Files/Unity/Hub/Editor/2020.3.7f1/Editor/Data/MonoBleedingEdge/etc'
Using monoOptions --debugger-agent=transport=dt_socket,embedding=1,server=y,suspend=n,address=127.0.0.1:56800
Begin MonoManager ReloadAssembly
Registering precompiled unity dll's ...
Register platform support module: C:/Program Files/Unity/Hub/Editor/2020.3.7f1/Editor/Data/PlaybackEngines/WebGLSupport/UnityEditor.WebGL.Extensions.dll
Register platform support module: C:/Program Files/Unity/Hub/Editor/2020.3.7f1/Editor/Data/PlaybackEngines/WindowsStandaloneSupport/UnityEditor.WindowsStandalone.Extensions.dll
Registered in 0.002668 seconds.
Native extension for WindowsStandalone target not found
Native extension for WebGL target not found
Refreshing native plugins compatible for Editor in 53.64 ms, found 2 plugins.
Preloading 0 native plugins for Editor in 0.00 ms.
Mono: successfully reloaded assembly
- Completed reload, in  2.389 seconds
Platform modules already initialized, skipping
Registering precompiled user dll's ...
Registered in 0.019449 seconds.
Begin MonoManager ReloadAssembly
Symbol file LoadedFromMemory doesn't match image C:\Users\Manue\Work\FAtiMA-Toolkit-UnityDemo\Assets\FAtiMA\Plugins\GAIPS.Serialization.dll
Symbol file LoadedFromMemory doesn't match image C:\Users\Manue\Work\FAtiMA-Toolkit-UnityDemo\Assets\FAtiMA\Plugins\Utilities.dll
Native extension for WindowsStandalone target not found
Native extension for WebGL target not found
Refreshing native plugins compatible for Editor in 0.88 ms, found 2 plugins.
Preloading 0 native plugins for Editor in 0.00 ms.
Mono: successfully reloaded assembly
- Completed reload, in  0.994 seconds
Platform modules already initialized, skipping
========================================================================
Worker process is ready to serve import requests
Launched and connected shader compiler UnityShaderCompiler.exe after 0.06 seconds
Refreshing native plugins compatible for Editor in 0.85 ms, found 2 plugins.
Preloading 0 native plugins for Editor in 0.00 ms.
Unloading 1633 Unused Serialized files (Serialized files now loaded: 0)
System memory in use before: 74.1 MB.
System memory in use after: 74.3 MB.

Unloading 82 unused Assets to reduce memory usage. Loaded Objects now: 2056.
Total: 5.637300 ms (FindLiveObjects: 0.203000 ms CreateObjectMapping: 0.108800 ms MarkObjects: 5.279400 ms  DeleteObjects: 0.044200 ms)

========================================================================
Received Import Request.
  path: Assets/Scripts
  artifactKey: Guid(8b89886afe0070c4cbc5394f07e496f7) Importer(815301076,1909f56bfc062723c751e8b465ee728b)
Start importing Assets/Scripts using Guid(8b89886afe0070c4cbc5394f07e496f7) Importer(815301076,1909f56bfc062723c751e8b465ee728b)  -> (artifact id: 'c63dd91715da49c1f9af5430edb43b94') in 0.008813 seconds
  Import took 0.011477 seconds .

========================================================================
Received Prepare
Registering precompiled user dll's ...
Registered in 0.019781 seconds.
Begin MonoManager ReloadAssembly
Symbol file LoadedFromMemory doesn't match image C:\Users\Manue\Work\FAtiMA-Toolkit-UnityDemo\Assets\FAtiMA\Plugins\GAIPS.Serialization.dll
Symbol file LoadedFromMemory doesn't match image C:\Users\Manue\Work\FAtiMA-Toolkit-UnityDemo\Assets\FAtiMA\Plugins\Utilities.dll
Native extension for WindowsStandalone target not found
Native extension for WebGL target not found
Refreshing native plugins compatible for Editor in 2.06 ms, found 2 plugins.
Preloading 0 native plugins for Editor in 0.00 ms.
Mono: successfully reloaded assembly
- Completed reload, in  1.513 seconds
Platform modules already initialized, skipping
Refreshing native plugins compatible for Editor in 1.36 ms, found 2 plugins.
Preloading 0 native plugins for Editor in 0.00 ms.
Unloading 1628 Unused Serialized files (Serialized files now loaded: 0)
System memory in use before: 74.2 MB.
System memory in use after: 74.3 MB.

Unloading 78 unused Assets to reduce memory usage. Loaded Objects now: 2059.
Total: 10.160400 ms (FindLiveObjects: 0.363100 ms CreateObjectMapping: 0.074600 ms MarkObjects: 9.630400 ms  DeleteObjects: 0.090400 ms)

========================================================================
Received Prepare
Registering precompiled user dll's ...
Registered in 0.030955 seconds.
Begin MonoManager ReloadAssembly
Symbol file LoadedFromMemory doesn't match image C:\Users\Manue\Work\FAtiMA-Toolkit-UnityDemo\Assets\FAtiMA\Plugins\GAIPS.Serialization.dll
Symbol file LoadedFromMemory doesn't match image C:\Users\Manue\Work\FAtiMA-Toolkit-UnityDemo\Assets\FAtiMA\Plugins\Utilities.dll
Native extension for WindowsStandalone target not found
Native extension for WebGL target not found
Refreshing native plugins compatible for Editor in 1.17 ms, found 2 plugins.
Preloading 0 native plugins for Editor in 0.00 ms.
Mono: successfully reloaded assembly
- Completed reload, in  1.676 seconds
Platform modules already initialized, skipping
Refreshing native plugins compatible for Editor in 1.03 ms, found 2 plugins.
Preloading 0 native plugins for Editor in 0.00 ms.
Unloading 1628 Unused Serialized files (Serialized files now loaded: 0)
System memory in use before: 74.2 MB.
System memory in use after: 74.3 MB.

Unloading 78 unused Assets to reduce memory usage. Loaded Objects now: 2062.
Total: 6.569100 ms (FindLiveObjects: 0.367600 ms CreateObjectMapping: 0.111900 ms MarkObjects: 6.044500 ms  DeleteObjects: 0.042600 ms)

========================================================================
Received Prepare
Registering precompiled user dll's ...
Registered in 0.028297 seconds.
Begin MonoManager ReloadAssembly
Symbol file LoadedFromMemory doesn't match image C:\Users\Manue\Work\FAtiMA-Toolkit-UnityDemo\Assets\FAtiMA\Plugins\GAIPS.Serialization.dll
Symbol file LoadedFromMemory doesn't match image C:\Users\Manue\Work\FAtiMA-Toolkit-UnityDemo\Assets\FAtiMA\Plugins\Utilities.dll
Native extension for WindowsStandalone target not found
Native extension for WebGL target not found
Refreshing native plugins compatible for Editor in 1.16 ms, found 2 plugins.
Preloading 0 native plugins for Editor in 0.00 ms.
Mono: successfully reloaded assembly
- Completed reload, in  1.714 seconds
Platform modules already initialized, skipping
Refreshing native plugins compatible for Editor in 2.38 ms, found 2 plugins.
Preloading 0 native plugins for Editor in 0.00 ms.
Unloading 1628 Unused Serialized files (Serialized files now loaded: 0)
System memory in use before: 74.2 MB.
System memory in use after: 74.3 MB.

Unloading 78 unused Assets to reduce memory usage. Loaded Objects now: 2065.
Total: 10.124700 ms (FindLiveObjects: 0.248900 ms CreateObjectMapping: 0.074500 ms MarkObjects: 9.721500 ms  DeleteObjects: 0.075800 ms)

========================================================================
Received Prepare
Registering precompiled user dll's ...
Registered in 0.020892 seconds.
Begin MonoManager ReloadAssembly
Symbol file LoadedFromMemory doesn't match image C:\Users\Manue\Work\FAtiMA-Toolkit-UnityDemo\Assets\FAtiMA\Plugins\GAIPS.Serialization.dll
Symbol file LoadedFromMemory doesn't match image C:\Users\Manue\Work\FAtiMA-Toolkit-UnityDemo\Assets\FAtiMA\Plugins\Utilities.dll
Native extension for WindowsStandalone target not found
Native extension for WebGL target not found
Refreshing native plugins compatible for Editor in 1.28 ms, found 2 plugins.
Preloading 0 native plugins for Editor in 0.00 ms.
Mono: successfully reloaded assembly
- Completed reload, in  1.544 seconds
Platform modules already initialized, skipping
Refreshing native plugins compatible for Editor in 1.04 ms, found 2 plugins.
Preloading 0 native plugins for Editor in 0.00 ms.
Unloading 1628 Unused Serialized files (Serialized files now loaded: 0)
System memory in use before: 74.2 MB.
System memory in use after: 74.3 MB.

Unloading 78 unused Assets to reduce memory usage. Loaded Objects now: 2068.
Total: 9.035000 ms (FindLiveObjects: 0.500800 ms CreateObjectMapping: 0.166500 ms MarkObjects: 8.313200 ms  DeleteObjects: 0.051800 ms)

========================================================================
Received Prepare
Refreshing native plugins compatible for Editor in 28.68 ms, found 2 plugins.
Preloading 0 native plugins for Editor in 0.00 ms.
Unloading 77 Unused Serialized files (Serialized files now loaded: 0)
System memory in use before: 43.5 MB.
System memory in use after: 43.6 MB.

Unloading 76 unused Assets to reduce memory usage. Loaded Objects now: 2068.
Total: 8.584900 ms (FindLiveObjects: 0.735800 ms CreateObjectMapping: 0.480700 ms MarkObjects: 7.311600 ms  DeleteObjects: 0.053900 ms)

========================================================================
Received Prepare
Registering precompiled user dll's ...
Registered in 0.028100 seconds.
Begin MonoManager ReloadAssembly
Symbol file LoadedFromMemory doesn't match image C:\Users\Manue\Work\FAtiMA-Toolkit-UnityDemo\Assets\FAtiMA\Plugins\GAIPS.Serialization.dll
Symbol file LoadedFromMemory doesn't match image C:\Users\Manue\Work\FAtiMA-Toolkit-UnityDemo\Assets\FAtiMA\Plugins\Utilities.dll
Native extension for WindowsStandalone target not found
Native extension for WebGL target not found
Refreshing native plugins compatible for Editor in 0.95 ms, found 2 plugins.
Preloading 0 native plugins for Editor in 0.00 ms.
Mono: successfully reloaded assembly
- Completed reload, in  1.157 seconds
Platform modules already initialized, skipping
Refreshing native plugins compatible for Editor in 1.00 ms, found 2 plugins.
Preloading 0 native plugins for Editor in 0.00 ms.
Unloading 1628 Unused Serialized files (Serialized files now loaded: 0)
System memory in use before: 74.2 MB.
System memory in use after: 74.3 MB.

Unloading 78 unused Assets to reduce memory usage. Loaded Objects now: 2071.
Total: 5.479700 ms (FindLiveObjects: 0.191400 ms CreateObjectMapping: 0.067100 ms MarkObjects: 5.179000 ms  DeleteObjects: 0.040700 ms)

========================================================================
Received Import Request.
  Time since last request: 1062.641716 seconds.
  path: Assets
  artifactKey: Guid(00000000000000001000000000000000) Importer(815301076,1909f56bfc062723c751e8b465ee728b)
Start importing Assets using Guid(00000000000000001000000000000000) Importer(815301076,1909f56bfc062723c751e8b465ee728b)  -> (artifact id: '9352191d597e7c7db4dd3efc36af9cf2') in 0.008934 seconds
  Import took 0.012736 seconds .

========================================================================
Received Import Request.
  Time since last request: 0.002019 seconds.
  path: Assets
  artifactKey: Guid(00000000000000001000000000000000) Importer(815301076,1909f56bfc062723c751e8b465ee728b)
Start importing Assets using Guid(00000000000000001000000000000000) Importer(815301076,1909f56bfc062723c751e8b465ee728b)  -> (artifact id: '9352191d597e7c7db4dd3efc36af9cf2') in 0.002302 seconds
  Import took 0.005379 seconds .

========================================================================
Received Prepare
Registering precompiled user dll's ...
Registered in 0.026918 seconds.
Begin MonoManager ReloadAssembly
Symbol file LoadedFromMemory doesn't match image C:\Users\Manue\Work\FAtiMA-Toolkit-UnityDemo\Assets\FAtiMA\Plugins\GAIPS.Serialization.dll
Symbol file LoadedFromMemory doesn't match image C:\Users\Manue\Work\FAtiMA-Toolkit-UnityDemo\Assets\FAtiMA\Plugins\Utilities.dll
Native extension for WindowsStandalone target not found
Native extension for WebGL target not found
Refreshing native plugins compatible for Editor in 1.49 ms, found 2 plugins.
Preloading 0 native plugins for Editor in 0.00 ms.
Mono: successfully reloaded assembly
- Completed reload, in  1.785 seconds
Platform modules already initialized, skipping
Refreshing native plugins compatible for Editor in 2.00 ms, found 2 plugins.
Preloading 0 native plugins for Editor in 0.00 ms.
Unloading 1628 Unused Serialized files (Serialized files now loaded: 0)
System memory in use before: 74.2 MB.
System memory in use after: 74.3 MB.

Unloading 78 unused Assets to reduce memory usage. Loaded Objects now: 2074.
Total: 11.926600 ms (FindLiveObjects: 0.450500 ms CreateObjectMapping: 0.170200 ms MarkObjects: 11.224100 ms  DeleteObjects: 0.078000 ms)

========================================================================
Received Prepare
Registering precompiled user dll's ...
Registered in 0.019121 seconds.
Begin MonoManager ReloadAssembly
Symbol file LoadedFromMemory doesn't match image C:\Users\Manue\Work\FAtiMA-Toolkit-UnityDemo\Assets\FAtiMA\Plugins\GAIPS.Serialization.dll
Symbol file LoadedFromMemory doesn't match image C:\Users\Manue\Work\FAtiMA-Toolkit-UnityDemo\Assets\FAtiMA\Plugins\Utilities.dll
Native extension for WindowsStandalone target not found
Native extension for WebGL target not found
Refreshing native plugins compatible for Editor in 2.56 ms, found 2 plugins.
Preloading 0 native plugins for Editor in 0.00 ms.
Mono: successfully reloaded assembly
- Completed reload, in  1.638 seconds
Platform modules already initialized, skipping
Refreshing native plugins compatible for Editor in 1.58 ms, found 2 plugins.
Preloading 0 native plugins for Editor in 0.00 ms.
Unloading 1628 Unused Serialized files (Serialized files now loaded: 0)
System memory in use before: 74.2 MB.
System memory in use after: 74.3 MB.

Unloading 78 unused Assets to reduce memory usage. Loaded Objects now: 2077.
Total: 8.766300 ms (FindLiveObjects: 0.548300 ms CreateObjectMapping: 0.112800 ms MarkObjects: 8.033500 ms  DeleteObjects: 0.068000 ms)

AssetImportWorkerClient::OnTransportError - code=2 error=End of file
